<?xml version="1.0" encoding="utf-8"?><testsuites><testsuite name="pytest" errors="0" failures="0" skipped="0" tests="2" time="26.047" timestamp="2024-04-26T18:05:23.698434" hostname="DESKTOP-EL699DL"><testcase classname="webscrapping_scores_in_qrcode.tests.test_cli" name="test_count_df" time="24.689" /><testcase classname="webscrapping_scores_in_qrcode.tests.test_cli" name="test_schema" time="0.510" /></testsuite></testsuites>